SF:lib/blocs/game.bloc.dart
DA:34,0
DA:36,0
DA:37,0
DA:44,0
DA:45,0
DA:52,0
DA:53,0
DA:60,0
DA:61,0
DA:69,0
DA:79,0
DA:85,0
DA:86,0
DA:87,0
DA:88,0
DA:89,0
DA:90,0
DA:91,0
DA:92,0
DA:93,0
DA:94,0
DA:95,0
DA:98,1
DA:99,1
DA:100,6
DA:101,1
DA:102,6
DA:103,4
DA:104,4
DA:107,1
DA:108,3
DA:113,2
DA:114,2
DA:116,4
DA:118,3
DA:125,3
DA:126,3
DA:127,4
DA:128,1
DA:133,1
DA:134,1
DA:135,1
DA:138,1
DA:139,1
DA:140,1
DA:141,1
DA:143,2
DA:144,4
DA:145,3
DA:146,1
DA:147,0
DA:148,0
DA:150,0
DA:153,2
DA:154,2
DA:156,2
DA:157,0
DA:159,1
DA:162,0
DA:163,0
DA:164,0
DA:165,0
DA:167,0
DA:168,0
DA:169,0
DA:170,0
DA:172,0
DA:174,0
DA:176,0
DA:177,0
DA:180,0
DA:181,0
DA:183,0
DA:184,0
DA:185,0
DA:187,0
DA:190,1
DA:191,1
DA:192,1
DA:193,1
DA:194,1
DA:197,1
DA:200,1
DA:201,2
DA:202,1
DA:203,1
DA:205,4
DA:206,0
DA:208,4
DA:211,1
DA:215,1
DA:218,2
DA:219,3
DA:220,1
DA:221,1
DA:223,1
DA:224,6
DA:226,4
DA:229,1
DA:233,1
DA:234,2
DA:238,3
DA:241,3
DA:242,6
DA:243,1
DA:244,3
DA:245,1
DA:246,2
DA:248,1
DA:249,6
DA:250,1
DA:252,1
DA:255,1
DA:256,1
DA:260,1
DA:261,2
DA:265,1
DA:268,3
DA:269,7
DA:270,1
DA:271,3
DA:272,1
DA:273,2
DA:275,1
DA:276,6
DA:277,1
DA:279,1
DA:282,1
DA:283,1
DA:287,1
DA:288,2
DA:289,2
DA:290,4
DA:291,1
DA:292,4
DA:293,5
DA:294,8
DA:297,3
DA:298,4
DA:299,1
DA:300,4
DA:301,5
DA:302,8
DA:307,0
DA:308,0
DA:309,0
DA:310,0
DA:311,0
DA:312,0
DA:313,0
DA:316,0
DA:317,0
DA:318,0
DA:319,0
DA:320,0
DA:323,0
DA:324,0
DA:325,0
DA:326,0
DA:327,0
DA:328,0
DA:331,1
DA:332,1
DA:333,2
DA:334,1
DA:335,0
DA:337,1
DA:340,0
DA:341,0
DA:342,0
DA:345,0
DA:346,0
DA:347,0
DA:348,0
DA:349,0
DA:350,0
DA:351,0
DA:352,0
DA:353,0
DA:354,0
DA:355,0
DA:356,0
DA:357,0
DA:358,0
DA:359,0
DA:360,0
DA:363,0
DA:364,0
DA:367,0
DA:368,0
DA:369,0
DA:370,0
DA:372,0
DA:373,0
DA:379,0
DA:380,0
DA:382,0
DA:383,0
DA:385,0
DA:388,0
DA:389,0
DA:390,0
DA:391,0
DA:392,0
DA:393,0
DA:394,0
DA:395,0
DA:396,0
DA:402,0
DA:403,0
DA:404,0
DA:405,0
DA:406,0
DA:412,1
DA:415,1
DA:416,3
DA:420,1
DA:421,8
DA:426,3
DA:427,1
DA:428,3
DA:429,1
DA:430,7
DA:434,1
DA:435,1
DA:436,2
DA:437,2
DA:439,2
DA:440,3
DA:441,3
DA:443,2
DA:444,3
DA:445,3
DA:448,1
DA:449,3
DA:451,3
DA:452,5
DA:454,1
LF:238
LH:128
end_of_record
